2019-05-16T20:02:26.051+0800 [INFO] edu.hrbust/waterLogger - <main|o.s.b.w.e.t.TomcatWebServer.initialize(90)> - Tomcat initialized with port(s): 8000 (http)
2019-05-16T20:02:26.071+0800 [INFO] edu.hrbust/waterLogger - <main|o.a.j.l.DirectJDKLog.log(173)> - Initializing ProtocolHandler ["http-nio-8000"]
2019-05-16T20:02:26.076+0800 [INFO] edu.hrbust/waterLogger - <main|o.a.j.l.DirectJDKLog.log(173)> - Starting service [Tomcat]
2019-05-16T20:02:26.077+0800 [INFO] edu.hrbust/waterLogger - <main|o.a.j.l.DirectJDKLog.log(173)> - Starting Servlet Engine: Apache Tomcat/9.0.12
2019-05-16T20:02:26.084+0800 [INFO] edu.hrbust/waterLogger - <main|o.a.j.l.DirectJDKLog.log(173)> - The APR based Apache Tomcat Native library which allows optimal performance in production environments was not found on the java.library.path: [C:\Program Files\Java\jdk1.8.0_181\bin;C:\WINDOWS\Sun\Java\bin;C:\WINDOWS\system32;C:\WINDOWS;C:\Program Files\NVIDIA GPU Computing Toolkit\CUDA\v8.0\bin;C:\Program Files\NVIDIA GPU Computing Toolkit\CUDA\v8.0\libnvvp;C:\Program Files\NVIDIA GPU Computing Toolkit\CUDA\v9.0\bin;C:\Program Files\NVIDIA GPU Computing Toolkit\CUDA\v9.0\libnvvp;F:\Anaconda\envs\tensorflow;F:\Anaconda\envs\tensorflow\Scripts;C:\Program Files (x86)\Common Files\Oracle\Java\javapath;C:\Windows\system32;C:\Windows;C:\Windows\System32\Wbem;C:\Windows\System32\WindowsPowerShell\v1.0\;C:\Program Files (x86)\NVIDIA Corporation\PhysX\Common;C:\Program Files\Git\cmd;C:\Program Files\Microsoft SQL Server\120\Tools\Binn\;C:\Program Files (x86)\Windows Kits\10\Windows Performance Toolkit\;C:\Windows\SysWOW64\WindowsPowerShell\v1.0\Modules\TShell\TShell\;C:\Program Files\MariaDB 10.1\bin;C:\Program Files\NVIDIA GPU Computing Toolkit\CUDA\cuda\bin;C:\WINDOWS\system32;C:\WINDOWS;C:\WINDOWS\System32\Wbem;C:\WINDOWS\System32\WindowsPowerShell\v1.0\;C:\WINDOWS\System32\OpenSSH\;C:\Program Files (x86)\CMake\bin;F:\SecureCRT;F:\putty\;C:\MinGW\bin;F:\opencv\opencv\build\x64\vc14\bin;F:\Anaconda\envs\tensorflow\Lib\site-packages\numpy\core\include;C:\Program Files\NVIDIA GPU Computing Toolkit\CUDA\v9.0\bin;C:\Users\ar2oria\AppData\Local\Microsoft\WindowsApps;;.]
2019-05-16T20:02:26.254+0800 [INFO] edu.hrbust/waterLogger - <main|o.a.j.l.DirectJDKLog.log(173)> - Initializing Spring embedded WebApplicationContext
2019-05-16T20:02:26.254+0800 [INFO] edu.hrbust/waterLogger - <main|o.s.b.w.s.c.ServletWebServerApplicationContext.prepareWebApplicationContext(285)> - Root WebApplicationContext: initialization completed in 1156 ms
2019-05-16T20:02:26.281+0800 [INFO] edu.hrbust/waterLogger - <main|o.s.b.w.s.ServletRegistrationBean.addRegistration(186)> - Servlet dispatcherServlet mapped to [/]
2019-05-16T20:02:26.285+0800 [INFO] edu.hrbust/waterLogger - <main|o.s.b.w.s.AbstractFilterRegistrationBean.configure(248)> - Mapping filter: 'characterEncodingFilter' to: [/*]
2019-05-16T20:02:26.286+0800 [INFO] edu.hrbust/waterLogger - <main|o.s.b.w.s.AbstractFilterRegistrationBean.configure(248)> - Mapping filter: 'hiddenHttpMethodFilter' to: [/*]
2019-05-16T20:02:26.286+0800 [INFO] edu.hrbust/waterLogger - <main|o.s.b.w.s.AbstractFilterRegistrationBean.configure(248)> - Mapping filter: 'formContentFilter' to: [/*]
2019-05-16T20:02:26.287+0800 [INFO] edu.hrbust/waterLogger - <main|o.s.b.w.s.AbstractFilterRegistrationBean.configure(248)> - Mapping filter: 'requestContextFilter' to: [/*]
2019-05-16T20:02:26.508+0800 [INFO] edu.hrbust/waterLogger - <main|o.s.s.c.ExecutorConfigurationSupport.initialize(171)> - Initializing ExecutorService 'applicationTaskExecutor'
2019-05-16T20:02:26.717+0800 [INFO] edu.hrbust/waterLogger - <main|o.a.j.l.DirectJDKLog.log(173)> - Starting ProtocolHandler ["http-nio-8000"]
2019-05-16T20:02:26.728+0800 [INFO] edu.hrbust/waterLogger - <main|o.a.j.l.DirectJDKLog.log(173)> - Using a shared selector for servlet write/read
2019-05-16T20:02:26.742+0800 [INFO] edu.hrbust/waterLogger - <main|o.s.b.w.e.t.TomcatWebServer.start(204)> - Tomcat started on port(s): 8000 (http) with context path ''
2019-05-16T20:02:36.888+0800 [INFO] edu.hrbust/waterLogger - <http-nio-8000-exec-1|o.a.j.l.DirectJDKLog.log(173)> - Initializing Spring DispatcherServlet 'dispatcherServlet'
2019-05-16T20:02:36.889+0800 [INFO] edu.hrbust/waterLogger - <http-nio-8000-exec-1|o.s.w.s.FrameworkServlet.initServletBean(521)> - Initializing Servlet 'dispatcherServlet'
2019-05-16T20:02:36.895+0800 [INFO] edu.hrbust/waterLogger - <http-nio-8000-exec-1|o.s.w.s.FrameworkServlet.initServletBean(543)> - Completed initialization in 6 ms
2019-05-16T20:19:55.470+0800 [INFO] edu.hrbust/waterLogger - <main|o.s.b.w.e.t.TomcatWebServer.initialize(90)> - Tomcat initialized with port(s): 8000 (http)
2019-05-16T20:19:55.493+0800 [INFO] edu.hrbust/waterLogger - <main|o.a.j.l.DirectJDKLog.log(173)> - Initializing ProtocolHandler ["http-nio-8000"]
2019-05-16T20:19:55.498+0800 [INFO] edu.hrbust/waterLogger - <main|o.a.j.l.DirectJDKLog.log(173)> - Starting service [Tomcat]
2019-05-16T20:19:55.498+0800 [INFO] edu.hrbust/waterLogger - <main|o.a.j.l.DirectJDKLog.log(173)> - Starting Servlet Engine: Apache Tomcat/9.0.12
2019-05-16T20:19:55.505+0800 [INFO] edu.hrbust/waterLogger - <main|o.a.j.l.DirectJDKLog.log(173)> - The APR based Apache Tomcat Native library which allows optimal performance in production environments was not found on the java.library.path: [C:\Program Files\Java\jdk1.8.0_181\bin;C:\WINDOWS\Sun\Java\bin;C:\WINDOWS\system32;C:\WINDOWS;C:\Program Files\NVIDIA GPU Computing Toolkit\CUDA\v8.0\bin;C:\Program Files\NVIDIA GPU Computing Toolkit\CUDA\v8.0\libnvvp;C:\Program Files\NVIDIA GPU Computing Toolkit\CUDA\v9.0\bin;C:\Program Files\NVIDIA GPU Computing Toolkit\CUDA\v9.0\libnvvp;F:\Anaconda\envs\tensorflow;F:\Anaconda\envs\tensorflow\Scripts;C:\Program Files (x86)\Common Files\Oracle\Java\javapath;C:\Windows\system32;C:\Windows;C:\Windows\System32\Wbem;C:\Windows\System32\WindowsPowerShell\v1.0\;C:\Program Files (x86)\NVIDIA Corporation\PhysX\Common;C:\Program Files\Git\cmd;C:\Program Files\Microsoft SQL Server\120\Tools\Binn\;C:\Program Files (x86)\Windows Kits\10\Windows Performance Toolkit\;C:\Windows\SysWOW64\WindowsPowerShell\v1.0\Modules\TShell\TShell\;C:\Program Files\MariaDB 10.1\bin;C:\Program Files\NVIDIA GPU Computing Toolkit\CUDA\cuda\bin;C:\WINDOWS\system32;C:\WINDOWS;C:\WINDOWS\System32\Wbem;C:\WINDOWS\System32\WindowsPowerShell\v1.0\;C:\WINDOWS\System32\OpenSSH\;C:\Program Files (x86)\CMake\bin;F:\SecureCRT;F:\putty\;C:\MinGW\bin;F:\opencv\opencv\build\x64\vc14\bin;F:\Anaconda\envs\tensorflow\Lib\site-packages\numpy\core\include;C:\Program Files\NVIDIA GPU Computing Toolkit\CUDA\v9.0\bin;C:\Users\ar2oria\AppData\Local\Microsoft\WindowsApps;;.]
2019-05-16T20:19:55.670+0800 [INFO] edu.hrbust/waterLogger - <main|o.a.j.l.DirectJDKLog.log(173)> - Initializing Spring embedded WebApplicationContext
2019-05-16T20:19:55.671+0800 [INFO] edu.hrbust/waterLogger - <main|o.s.b.w.s.c.ServletWebServerApplicationContext.prepareWebApplicationContext(285)> - Root WebApplicationContext: initialization completed in 1080 ms
2019-05-16T20:19:55.696+0800 [INFO] edu.hrbust/waterLogger - <main|o.s.b.w.s.ServletRegistrationBean.addRegistration(186)> - Servlet dispatcherServlet mapped to [/]
2019-05-16T20:19:55.702+0800 [INFO] edu.hrbust/waterLogger - <main|o.s.b.w.s.AbstractFilterRegistrationBean.configure(248)> - Mapping filter: 'characterEncodingFilter' to: [/*]
2019-05-16T20:19:55.702+0800 [INFO] edu.hrbust/waterLogger - <main|o.s.b.w.s.AbstractFilterRegistrationBean.configure(248)> - Mapping filter: 'hiddenHttpMethodFilter' to: [/*]
2019-05-16T20:19:55.702+0800 [INFO] edu.hrbust/waterLogger - <main|o.s.b.w.s.AbstractFilterRegistrationBean.configure(248)> - Mapping filter: 'formContentFilter' to: [/*]
2019-05-16T20:19:55.702+0800 [INFO] edu.hrbust/waterLogger - <main|o.s.b.w.s.AbstractFilterRegistrationBean.configure(248)> - Mapping filter: 'requestContextFilter' to: [/*]
2019-05-16T20:19:55.979+0800 [INFO] edu.hrbust/waterLogger - <main|o.s.s.c.ExecutorConfigurationSupport.initialize(171)> - Initializing ExecutorService 'applicationTaskExecutor'
2019-05-16T20:19:56.136+0800 [INFO] edu.hrbust/waterLogger - <main|o.a.j.l.DirectJDKLog.log(173)> - Starting ProtocolHandler ["http-nio-8000"]
2019-05-16T20:19:56.146+0800 [INFO] edu.hrbust/waterLogger - <main|o.a.j.l.DirectJDKLog.log(173)> - Using a shared selector for servlet write/read
2019-05-16T20:19:56.160+0800 [INFO] edu.hrbust/waterLogger - <main|o.s.b.w.e.t.TomcatWebServer.start(204)> - Tomcat started on port(s): 8000 (http) with context path ''
2019-05-16T20:20:13.710+0800 [INFO] edu.hrbust/waterLogger - <http-nio-8000-exec-1|o.a.j.l.DirectJDKLog.log(173)> - Initializing Spring DispatcherServlet 'dispatcherServlet'
2019-05-16T20:20:13.711+0800 [INFO] edu.hrbust/waterLogger - <http-nio-8000-exec-1|o.s.w.s.FrameworkServlet.initServletBean(521)> - Initializing Servlet 'dispatcherServlet'
2019-05-16T20:20:13.717+0800 [INFO] edu.hrbust/waterLogger - <http-nio-8000-exec-1|o.s.w.s.FrameworkServlet.initServletBean(543)> - Completed initialization in 6 ms
