2019-05-16T20:02:25.061+0800 [INFO] edu.hrbust/waterLogger - <main|o.s.b.StartupInfoLogger.logStarting(50)> - Starting AppRun on DESKTOP-I86RRS9 with PID 17812 (F:\javaproject\waterLogger\controller\target\classes started by ar2oria in F:\javaproject\waterLogger)
2019-05-16T20:02:25.067+0800 [INFO] edu.hrbust/waterLogger - <main|o.s.b.SpringApplication.logStartupProfileInfo(675)> - No active profile set, falling back to default profiles: default
2019-05-16T20:02:26.051+0800 [INFO] edu.hrbust/waterLogger - <main|o.s.b.w.e.t.TomcatWebServer.initialize(90)> - Tomcat initialized with port(s): 8000 (http)
2019-05-16T20:02:26.071+0800 [INFO] edu.hrbust/waterLogger - <main|o.a.j.l.DirectJDKLog.log(173)> - Initializing ProtocolHandler ["http-nio-8000"]
2019-05-16T20:02:26.076+0800 [INFO] edu.hrbust/waterLogger - <main|o.a.j.l.DirectJDKLog.log(173)> - Starting service [Tomcat]
2019-05-16T20:02:26.077+0800 [INFO] edu.hrbust/waterLogger - <main|o.a.j.l.DirectJDKLog.log(173)> - Starting Servlet Engine: Apache Tomcat/9.0.12
2019-05-16T20:02:26.084+0800 [INFO] edu.hrbust/waterLogger - <main|o.a.j.l.DirectJDKLog.log(173)> - The APR based Apache Tomcat Native library which allows optimal performance in production environments was not found on the java.library.path: [C:\Program Files\Java\jdk1.8.0_181\bin;C:\WINDOWS\Sun\Java\bin;C:\WINDOWS\system32;C:\WINDOWS;C:\Program Files\NVIDIA GPU Computing Toolkit\CUDA\v8.0\bin;C:\Program Files\NVIDIA GPU Computing Toolkit\CUDA\v8.0\libnvvp;C:\Program Files\NVIDIA GPU Computing Toolkit\CUDA\v9.0\bin;C:\Program Files\NVIDIA GPU Computing Toolkit\CUDA\v9.0\libnvvp;F:\Anaconda\envs\tensorflow;F:\Anaconda\envs\tensorflow\Scripts;C:\Program Files (x86)\Common Files\Oracle\Java\javapath;C:\Windows\system32;C:\Windows;C:\Windows\System32\Wbem;C:\Windows\System32\WindowsPowerShell\v1.0\;C:\Program Files (x86)\NVIDIA Corporation\PhysX\Common;C:\Program Files\Git\cmd;C:\Program Files\Microsoft SQL Server\120\Tools\Binn\;C:\Program Files (x86)\Windows Kits\10\Windows Performance Toolkit\;C:\Windows\SysWOW64\WindowsPowerShell\v1.0\Modules\TShell\TShell\;C:\Program Files\MariaDB 10.1\bin;C:\Program Files\NVIDIA GPU Computing Toolkit\CUDA\cuda\bin;C:\WINDOWS\system32;C:\WINDOWS;C:\WINDOWS\System32\Wbem;C:\WINDOWS\System32\WindowsPowerShell\v1.0\;C:\WINDOWS\System32\OpenSSH\;C:\Program Files (x86)\CMake\bin;F:\SecureCRT;F:\putty\;C:\MinGW\bin;F:\opencv\opencv\build\x64\vc14\bin;F:\Anaconda\envs\tensorflow\Lib\site-packages\numpy\core\include;C:\Program Files\NVIDIA GPU Computing Toolkit\CUDA\v9.0\bin;C:\Users\ar2oria\AppData\Local\Microsoft\WindowsApps;;.]
2019-05-16T20:02:26.254+0800 [INFO] edu.hrbust/waterLogger - <main|o.a.j.l.DirectJDKLog.log(173)> - Initializing Spring embedded WebApplicationContext
2019-05-16T20:02:26.254+0800 [INFO] edu.hrbust/waterLogger - <main|o.s.b.w.s.c.ServletWebServerApplicationContext.prepareWebApplicationContext(285)> - Root WebApplicationContext: initialization completed in 1156 ms
2019-05-16T20:02:26.281+0800 [INFO] edu.hrbust/waterLogger - <main|o.s.b.w.s.ServletRegistrationBean.addRegistration(186)> - Servlet dispatcherServlet mapped to [/]
2019-05-16T20:02:26.285+0800 [INFO] edu.hrbust/waterLogger - <main|o.s.b.w.s.AbstractFilterRegistrationBean.configure(248)> - Mapping filter: 'characterEncodingFilter' to: [/*]
2019-05-16T20:02:26.286+0800 [INFO] edu.hrbust/waterLogger - <main|o.s.b.w.s.AbstractFilterRegistrationBean.configure(248)> - Mapping filter: 'hiddenHttpMethodFilter' to: [/*]
2019-05-16T20:02:26.286+0800 [INFO] edu.hrbust/waterLogger - <main|o.s.b.w.s.AbstractFilterRegistrationBean.configure(248)> - Mapping filter: 'formContentFilter' to: [/*]
2019-05-16T20:02:26.287+0800 [INFO] edu.hrbust/waterLogger - <main|o.s.b.w.s.AbstractFilterRegistrationBean.configure(248)> - Mapping filter: 'requestContextFilter' to: [/*]
2019-05-16T20:02:26.508+0800 [INFO] edu.hrbust/waterLogger - <main|o.s.s.c.ExecutorConfigurationSupport.initialize(171)> - Initializing ExecutorService 'applicationTaskExecutor'
2019-05-16T20:02:26.717+0800 [INFO] edu.hrbust/waterLogger - <main|o.a.j.l.DirectJDKLog.log(173)> - Starting ProtocolHandler ["http-nio-8000"]
2019-05-16T20:02:26.728+0800 [INFO] edu.hrbust/waterLogger - <main|o.a.j.l.DirectJDKLog.log(173)> - Using a shared selector for servlet write/read
2019-05-16T20:02:26.742+0800 [INFO] edu.hrbust/waterLogger - <main|o.s.b.w.e.t.TomcatWebServer.start(204)> - Tomcat started on port(s): 8000 (http) with context path ''
2019-05-16T20:02:26.745+0800 [INFO] edu.hrbust/waterLogger - <main|o.s.b.StartupInfoLogger.logStarted(59)> - Started AppRun in 2.088 seconds (JVM running for 3.626)
2019-05-16T20:02:36.888+0800 [INFO] edu.hrbust/waterLogger - <http-nio-8000-exec-1|o.a.j.l.DirectJDKLog.log(173)> - Initializing Spring DispatcherServlet 'dispatcherServlet'
2019-05-16T20:02:36.889+0800 [INFO] edu.hrbust/waterLogger - <http-nio-8000-exec-1|o.s.w.s.FrameworkServlet.initServletBean(521)> - Initializing Servlet 'dispatcherServlet'
2019-05-16T20:02:36.895+0800 [INFO] edu.hrbust/waterLogger - <http-nio-8000-exec-1|o.s.w.s.FrameworkServlet.initServletBean(543)> - Completed initialization in 6 ms
2019-05-16T20:19:54.559+0800 [INFO] edu.hrbust/waterLogger - <main|o.s.b.StartupInfoLogger.logStarting(50)> - Starting AppRun on DESKTOP-I86RRS9 with PID 1688 (F:\javaproject\waterLogger\controller\target\classes started by ar2oria in F:\javaproject\waterLogger)
2019-05-16T20:19:54.564+0800 [INFO] edu.hrbust/waterLogger - <main|o.s.b.SpringApplication.logStartupProfileInfo(675)> - No active profile set, falling back to default profiles: default
2019-05-16T20:19:55.470+0800 [INFO] edu.hrbust/waterLogger - <main|o.s.b.w.e.t.TomcatWebServer.initialize(90)> - Tomcat initialized with port(s): 8000 (http)
2019-05-16T20:19:55.493+0800 [INFO] edu.hrbust/waterLogger - <main|o.a.j.l.DirectJDKLog.log(173)> - Initializing ProtocolHandler ["http-nio-8000"]
2019-05-16T20:19:55.498+0800 [INFO] edu.hrbust/waterLogger - <main|o.a.j.l.DirectJDKLog.log(173)> - Starting service [Tomcat]
2019-05-16T20:19:55.498+0800 [INFO] edu.hrbust/waterLogger - <main|o.a.j.l.DirectJDKLog.log(173)> - Starting Servlet Engine: Apache Tomcat/9.0.12
2019-05-16T20:19:55.505+0800 [INFO] edu.hrbust/waterLogger - <main|o.a.j.l.DirectJDKLog.log(173)> - The APR based Apache Tomcat Native library which allows optimal performance in production environments was not found on the java.library.path: [C:\Program Files\Java\jdk1.8.0_181\bin;C:\WINDOWS\Sun\Java\bin;C:\WINDOWS\system32;C:\WINDOWS;C:\Program Files\NVIDIA GPU Computing Toolkit\CUDA\v8.0\bin;C:\Program Files\NVIDIA GPU Computing Toolkit\CUDA\v8.0\libnvvp;C:\Program Files\NVIDIA GPU Computing Toolkit\CUDA\v9.0\bin;C:\Program Files\NVIDIA GPU Computing Toolkit\CUDA\v9.0\libnvvp;F:\Anaconda\envs\tensorflow;F:\Anaconda\envs\tensorflow\Scripts;C:\Program Files (x86)\Common Files\Oracle\Java\javapath;C:\Windows\system32;C:\Windows;C:\Windows\System32\Wbem;C:\Windows\System32\WindowsPowerShell\v1.0\;C:\Program Files (x86)\NVIDIA Corporation\PhysX\Common;C:\Program Files\Git\cmd;C:\Program Files\Microsoft SQL Server\120\Tools\Binn\;C:\Program Files (x86)\Windows Kits\10\Windows Performance Toolkit\;C:\Windows\SysWOW64\WindowsPowerShell\v1.0\Modules\TShell\TShell\;C:\Program Files\MariaDB 10.1\bin;C:\Program Files\NVIDIA GPU Computing Toolkit\CUDA\cuda\bin;C:\WINDOWS\system32;C:\WINDOWS;C:\WINDOWS\System32\Wbem;C:\WINDOWS\System32\WindowsPowerShell\v1.0\;C:\WINDOWS\System32\OpenSSH\;C:\Program Files (x86)\CMake\bin;F:\SecureCRT;F:\putty\;C:\MinGW\bin;F:\opencv\opencv\build\x64\vc14\bin;F:\Anaconda\envs\tensorflow\Lib\site-packages\numpy\core\include;C:\Program Files\NVIDIA GPU Computing Toolkit\CUDA\v9.0\bin;C:\Users\ar2oria\AppData\Local\Microsoft\WindowsApps;;.]
2019-05-16T20:19:55.670+0800 [INFO] edu.hrbust/waterLogger - <main|o.a.j.l.DirectJDKLog.log(173)> - Initializing Spring embedded WebApplicationContext
2019-05-16T20:19:55.671+0800 [INFO] edu.hrbust/waterLogger - <main|o.s.b.w.s.c.ServletWebServerApplicationContext.prepareWebApplicationContext(285)> - Root WebApplicationContext: initialization completed in 1080 ms
2019-05-16T20:19:55.696+0800 [INFO] edu.hrbust/waterLogger - <main|o.s.b.w.s.ServletRegistrationBean.addRegistration(186)> - Servlet dispatcherServlet mapped to [/]
2019-05-16T20:19:55.702+0800 [INFO] edu.hrbust/waterLogger - <main|o.s.b.w.s.AbstractFilterRegistrationBean.configure(248)> - Mapping filter: 'characterEncodingFilter' to: [/*]
2019-05-16T20:19:55.702+0800 [INFO] edu.hrbust/waterLogger - <main|o.s.b.w.s.AbstractFilterRegistrationBean.configure(248)> - Mapping filter: 'hiddenHttpMethodFilter' to: [/*]
2019-05-16T20:19:55.702+0800 [INFO] edu.hrbust/waterLogger - <main|o.s.b.w.s.AbstractFilterRegistrationBean.configure(248)> - Mapping filter: 'formContentFilter' to: [/*]
2019-05-16T20:19:55.702+0800 [INFO] edu.hrbust/waterLogger - <main|o.s.b.w.s.AbstractFilterRegistrationBean.configure(248)> - Mapping filter: 'requestContextFilter' to: [/*]
2019-05-16T20:19:55.979+0800 [INFO] edu.hrbust/waterLogger - <main|o.s.s.c.ExecutorConfigurationSupport.initialize(171)> - Initializing ExecutorService 'applicationTaskExecutor'
2019-05-16T20:19:56.136+0800 [INFO] edu.hrbust/waterLogger - <main|o.a.j.l.DirectJDKLog.log(173)> - Starting ProtocolHandler ["http-nio-8000"]
2019-05-16T20:19:56.146+0800 [INFO] edu.hrbust/waterLogger - <main|o.a.j.l.DirectJDKLog.log(173)> - Using a shared selector for servlet write/read
2019-05-16T20:19:56.160+0800 [INFO] edu.hrbust/waterLogger - <main|o.s.b.w.e.t.TomcatWebServer.start(204)> - Tomcat started on port(s): 8000 (http) with context path ''
2019-05-16T20:19:56.163+0800 [INFO] edu.hrbust/waterLogger - <main|o.s.b.StartupInfoLogger.logStarted(59)> - Started AppRun in 1.95 seconds (JVM running for 3.284)
2019-05-16T20:20:13.710+0800 [INFO] edu.hrbust/waterLogger - <http-nio-8000-exec-1|o.a.j.l.DirectJDKLog.log(173)> - Initializing Spring DispatcherServlet 'dispatcherServlet'
2019-05-16T20:20:13.711+0800 [INFO] edu.hrbust/waterLogger - <http-nio-8000-exec-1|o.s.w.s.FrameworkServlet.initServletBean(521)> - Initializing Servlet 'dispatcherServlet'
2019-05-16T20:20:13.717+0800 [INFO] edu.hrbust/waterLogger - <http-nio-8000-exec-1|o.s.w.s.FrameworkServlet.initServletBean(543)> - Completed initialization in 6 ms
2019-05-16T20:20:13.733+0800 [ERROR] edu.hrbust/waterLogger - <http-nio-8000-exec-1|e.h.w.a.ControllerExceptionAdvice.errorHandler(23)> - 未捕获异常=====>{}
org.springframework.web.HttpRequestMethodNotSupportedException: Request method 'GET' not supported
	at org.springframework.web.servlet.mvc.method.RequestMappingInfoHandlerMapping.handleNoMatch(RequestMappingInfoHandlerMapping.java:200)
	at org.springframework.web.servlet.handler.AbstractHandlerMethodMapping.lookupHandlerMethod(AbstractHandlerMethodMapping.java:400)
	at org.springframework.web.servlet.handler.AbstractHandlerMethodMapping.getHandlerInternal(AbstractHandlerMethodMapping.java:347)
	at org.springframework.web.servlet.handler.AbstractHandlerMethodMapping.getHandlerInternal(AbstractHandlerMethodMapping.java:62)
	at org.springframework.web.servlet.handler.AbstractHandlerMapping.getHandler(AbstractHandlerMapping.java:401)
	at org.springframework.web.servlet.DispatcherServlet.getHandler(DispatcherServlet.java:1231)
	at org.springframework.web.servlet.DispatcherServlet.doDispatch(DispatcherServlet.java:1014)
	at org.springframework.web.servlet.DispatcherServlet.doService(DispatcherServlet.java:942)
	at org.springframework.web.servlet.FrameworkServlet.processRequest(FrameworkServlet.java:998)
	at org.springframework.web.servlet.FrameworkServlet.doGet(FrameworkServlet.java:890)
	at javax.servlet.http.HttpServlet.service(HttpServlet.java:634)
	at org.springframework.web.servlet.FrameworkServlet.service(FrameworkServlet.java:875)
	at javax.servlet.http.HttpServlet.service(HttpServlet.java:741)
	at org.apache.catalina.core.ApplicationFilterChain.internalDoFilter(ApplicationFilterChain.java:231)
	at org.apache.catalina.core.ApplicationFilterChain.doFilter(ApplicationFilterChain.java:166)
	at org.apache.tomcat.websocket.server.WsFilter.doFilter(WsFilter.java:53)
	at org.apache.catalina.core.ApplicationFilterChain.internalDoFilter(ApplicationFilterChain.java:193)
	at org.apache.catalina.core.ApplicationFilterChain.doFilter(ApplicationFilterChain.java:166)
	at org.springframework.web.filter.RequestContextFilter.doFilterInternal(RequestContextFilter.java:99)
	at org.springframework.web.filter.OncePerRequestFilter.doFilter(OncePerRequestFilter.java:107)
	at org.apache.catalina.core.ApplicationFilterChain.internalDoFilter(ApplicationFilterChain.java:193)
	at org.apache.catalina.core.ApplicationFilterChain.doFilter(ApplicationFilterChain.java:166)
	at org.springframework.web.filter.FormContentFilter.doFilterInternal(FormContentFilter.java:92)
	at org.springframework.web.filter.OncePerRequestFilter.doFilter(OncePerRequestFilter.java:107)
	at org.apache.catalina.core.ApplicationFilterChain.internalDoFilter(ApplicationFilterChain.java:193)
	at org.apache.catalina.core.ApplicationFilterChain.doFilter(ApplicationFilterChain.java:166)
	at org.springframework.web.filter.HiddenHttpMethodFilter.doFilterInternal(HiddenHttpMethodFilter.java:93)
	at org.springframework.web.filter.OncePerRequestFilter.doFilter(OncePerRequestFilter.java:107)
	at org.apache.catalina.core.ApplicationFilterChain.internalDoFilter(ApplicationFilterChain.java:193)
	at org.apache.catalina.core.ApplicationFilterChain.doFilter(ApplicationFilterChain.java:166)
	at org.springframework.web.filter.CharacterEncodingFilter.doFilterInternal(CharacterEncodingFilter.java:200)
	at org.springframework.web.filter.OncePerRequestFilter.doFilter(OncePerRequestFilter.java:107)
	at org.apache.catalina.core.ApplicationFilterChain.internalDoFilter(ApplicationFilterChain.java:193)
	at org.apache.catalina.core.ApplicationFilterChain.doFilter(ApplicationFilterChain.java:166)
	at org.apache.catalina.core.StandardWrapperValve.invoke(StandardWrapperValve.java:199)
	at org.apache.catalina.core.StandardContextValve.invoke(StandardContextValve.java:96)
	at org.apache.catalina.authenticator.AuthenticatorBase.invoke(AuthenticatorBase.java:490)
	at org.apache.catalina.core.StandardHostValve.invoke(StandardHostValve.java:139)
	at org.apache.catalina.valves.ErrorReportValve.invoke(ErrorReportValve.java:92)
	at org.apache.catalina.core.StandardEngineValve.invoke(StandardEngineValve.java:74)
	at org.apache.catalina.connector.CoyoteAdapter.service(CoyoteAdapter.java:343)
	at org.apache.coyote.http11.Http11Processor.service(Http11Processor.java:408)
	at org.apache.coyote.AbstractProcessorLight.process(AbstractProcessorLight.java:66)
	at org.apache.coyote.AbstractProtocol$ConnectionHandler.process(AbstractProtocol.java:770)
	at org.apache.tomcat.util.net.NioEndpoint$SocketProcessor.doRun(NioEndpoint.java:1415)
	at org.apache.tomcat.util.net.SocketProcessorBase.run(SocketProcessorBase.java:49)
	at java.util.concurrent.ThreadPoolExecutor.runWorker(ThreadPoolExecutor.java:1149)
	at java.util.concurrent.ThreadPoolExecutor$Worker.run(ThreadPoolExecutor.java:624)
	at org.apache.tomcat.util.threads.TaskThread$WrappingRunnable.run(TaskThread.java:61)
	at java.lang.Thread.run(Thread.java:748)
2019-05-16T20:20:37.559+0800 [ERROR] edu.hrbust/waterLogger - <http-nio-8000-exec-3|e.h.w.a.ControllerExceptionAdvice.errorHandler(23)> - 未捕获异常=====>{}
org.springframework.http.converter.HttpMessageNotReadableException: Required request body is missing: public edu.hrbust.common.ResultResponse edu.hrbust.waterLogger.controller.WaterLoggerController.getDataChgMsg(edu.hrbust.waterLogger.vo.WaterDataChgVO)
	at org.springframework.web.servlet.mvc.method.annotation.RequestResponseBodyMethodProcessor.readWithMessageConverters(RequestResponseBodyMethodProcessor.java:160)
	at org.springframework.web.servlet.mvc.method.annotation.RequestResponseBodyMethodProcessor.resolveArgument(RequestResponseBodyMethodProcessor.java:130)
	at org.springframework.web.method.support.HandlerMethodArgumentResolverComposite.resolveArgument(HandlerMethodArgumentResolverComposite.java:124)
	at org.springframework.web.method.support.InvocableHandlerMethod.getMethodArgumentValues(InvocableHandlerMethod.java:165)
	at org.springframework.web.method.support.InvocableHandlerMethod.invokeForRequest(InvocableHandlerMethod.java:138)
	at org.springframework.web.servlet.mvc.method.annotation.ServletInvocableHandlerMethod.invokeAndHandle(ServletInvocableHandlerMethod.java:102)
	at org.springframework.web.servlet.mvc.method.annotation.RequestMappingHandlerAdapter.invokeHandlerMethod(RequestMappingHandlerAdapter.java:895)
	at org.springframework.web.servlet.mvc.method.annotation.RequestMappingHandlerAdapter.handleInternal(RequestMappingHandlerAdapter.java:800)
	at org.springframework.web.servlet.mvc.method.AbstractHandlerMethodAdapter.handle(AbstractHandlerMethodAdapter.java:87)
	at org.springframework.web.servlet.DispatcherServlet.doDispatch(DispatcherServlet.java:1038)
	at org.springframework.web.servlet.DispatcherServlet.doService(DispatcherServlet.java:942)
	at org.springframework.web.servlet.FrameworkServlet.processRequest(FrameworkServlet.java:998)
	at org.springframework.web.servlet.FrameworkServlet.doPost(FrameworkServlet.java:901)
	at javax.servlet.http.HttpServlet.service(HttpServlet.java:660)
	at org.springframework.web.servlet.FrameworkServlet.service(FrameworkServlet.java:875)
	at javax.servlet.http.HttpServlet.service(HttpServlet.java:741)
	at org.apache.catalina.core.ApplicationFilterChain.internalDoFilter(ApplicationFilterChain.java:231)
	at org.apache.catalina.core.ApplicationFilterChain.doFilter(ApplicationFilterChain.java:166)
	at org.apache.tomcat.websocket.server.WsFilter.doFilter(WsFilter.java:53)
	at org.apache.catalina.core.ApplicationFilterChain.internalDoFilter(ApplicationFilterChain.java:193)
	at org.apache.catalina.core.ApplicationFilterChain.doFilter(ApplicationFilterChain.java:166)
	at org.springframework.web.filter.RequestContextFilter.doFilterInternal(RequestContextFilter.java:99)
	at org.springframework.web.filter.OncePerRequestFilter.doFilter(OncePerRequestFilter.java:107)
	at org.apache.catalina.core.ApplicationFilterChain.internalDoFilter(ApplicationFilterChain.java:193)
	at org.apache.catalina.core.ApplicationFilterChain.doFilter(ApplicationFilterChain.java:166)
	at org.springframework.web.filter.FormContentFilter.doFilterInternal(FormContentFilter.java:92)
	at org.springframework.web.filter.OncePerRequestFilter.doFilter(OncePerRequestFilter.java:107)
	at org.apache.catalina.core.ApplicationFilterChain.internalDoFilter(ApplicationFilterChain.java:193)
	at org.apache.catalina.core.ApplicationFilterChain.doFilter(ApplicationFilterChain.java:166)
	at org.springframework.web.filter.HiddenHttpMethodFilter.doFilterInternal(HiddenHttpMethodFilter.java:93)
	at org.springframework.web.filter.OncePerRequestFilter.doFilter(OncePerRequestFilter.java:107)
	at org.apache.catalina.core.ApplicationFilterChain.internalDoFilter(ApplicationFilterChain.java:193)
	at org.apache.catalina.core.ApplicationFilterChain.doFilter(ApplicationFilterChain.java:166)
	at org.springframework.web.filter.CharacterEncodingFilter.doFilterInternal(CharacterEncodingFilter.java:200)
	at org.springframework.web.filter.OncePerRequestFilter.doFilter(OncePerRequestFilter.java:107)
	at org.apache.catalina.core.ApplicationFilterChain.internalDoFilter(ApplicationFilterChain.java:193)
	at org.apache.catalina.core.ApplicationFilterChain.doFilter(ApplicationFilterChain.java:166)
	at org.apache.catalina.core.StandardWrapperValve.invoke(StandardWrapperValve.java:199)
	at org.apache.catalina.core.StandardContextValve.invoke(StandardContextValve.java:96)
	at org.apache.catalina.authenticator.AuthenticatorBase.invoke(AuthenticatorBase.java:490)
	at org.apache.catalina.core.StandardHostValve.invoke(StandardHostValve.java:139)
	at org.apache.catalina.valves.ErrorReportValve.invoke(ErrorReportValve.java:92)
	at org.apache.catalina.core.StandardEngineValve.invoke(StandardEngineValve.java:74)
	at org.apache.catalina.connector.CoyoteAdapter.service(CoyoteAdapter.java:343)
	at org.apache.coyote.http11.Http11Processor.service(Http11Processor.java:408)
	at org.apache.coyote.AbstractProcessorLight.process(AbstractProcessorLight.java:66)
	at org.apache.coyote.AbstractProtocol$ConnectionHandler.process(AbstractProtocol.java:770)
	at org.apache.tomcat.util.net.NioEndpoint$SocketProcessor.doRun(NioEndpoint.java:1415)
	at org.apache.tomcat.util.net.SocketProcessorBase.run(SocketProcessorBase.java:49)
	at java.util.concurrent.ThreadPoolExecutor.runWorker(ThreadPoolExecutor.java:1149)
	at java.util.concurrent.ThreadPoolExecutor$Worker.run(ThreadPoolExecutor.java:624)
	at org.apache.tomcat.util.threads.TaskThread$WrappingRunnable.run(TaskThread.java:61)
	at java.lang.Thread.run(Thread.java:748)
2019-05-16T20:21:46.677+0800 [ERROR] edu.hrbust/waterLogger - <http-nio-8000-exec-6|e.h.w.a.ControllerExceptionAdvice.errorHandler(23)> - 未捕获异常=====>{}
org.springframework.web.HttpMediaTypeNotSupportedException: Content type 'application/x-www-form-urlencoded;charset=UTF-8' not supported
	at org.springframework.web.servlet.mvc.method.annotation.AbstractMessageConverterMethodArgumentResolver.readWithMessageConverters(AbstractMessageConverterMethodArgumentResolver.java:224)
	at org.springframework.web.servlet.mvc.method.annotation.RequestResponseBodyMethodProcessor.readWithMessageConverters(RequestResponseBodyMethodProcessor.java:157)
	at org.springframework.web.servlet.mvc.method.annotation.RequestResponseBodyMethodProcessor.resolveArgument(RequestResponseBodyMethodProcessor.java:130)
	at org.springframework.web.method.support.HandlerMethodArgumentResolverComposite.resolveArgument(HandlerMethodArgumentResolverComposite.java:124)
	at org.springframework.web.method.support.InvocableHandlerMethod.getMethodArgumentValues(InvocableHandlerMethod.java:165)
	at org.springframework.web.method.support.InvocableHandlerMethod.invokeForRequest(InvocableHandlerMethod.java:138)
	at org.springframework.web.servlet.mvc.method.annotation.ServletInvocableHandlerMethod.invokeAndHandle(ServletInvocableHandlerMethod.java:102)
	at org.springframework.web.servlet.mvc.method.annotation.RequestMappingHandlerAdapter.invokeHandlerMethod(RequestMappingHandlerAdapter.java:895)
	at org.springframework.web.servlet.mvc.method.annotation.RequestMappingHandlerAdapter.handleInternal(RequestMappingHandlerAdapter.java:800)
	at org.springframework.web.servlet.mvc.method.AbstractHandlerMethodAdapter.handle(AbstractHandlerMethodAdapter.java:87)
	at org.springframework.web.servlet.DispatcherServlet.doDispatch(DispatcherServlet.java:1038)
	at org.springframework.web.servlet.DispatcherServlet.doService(DispatcherServlet.java:942)
	at org.springframework.web.servlet.FrameworkServlet.processRequest(FrameworkServlet.java:998)
	at org.springframework.web.servlet.FrameworkServlet.doPost(FrameworkServlet.java:901)
	at javax.servlet.http.HttpServlet.service(HttpServlet.java:660)
	at org.springframework.web.servlet.FrameworkServlet.service(FrameworkServlet.java:875)
	at javax.servlet.http.HttpServlet.service(HttpServlet.java:741)
	at org.apache.catalina.core.ApplicationFilterChain.internalDoFilter(ApplicationFilterChain.java:231)
	at org.apache.catalina.core.ApplicationFilterChain.doFilter(ApplicationFilterChain.java:166)
	at org.apache.tomcat.websocket.server.WsFilter.doFilter(WsFilter.java:53)
	at org.apache.catalina.core.ApplicationFilterChain.internalDoFilter(ApplicationFilterChain.java:193)
	at org.apache.catalina.core.ApplicationFilterChain.doFilter(ApplicationFilterChain.java:166)
	at org.springframework.web.filter.RequestContextFilter.doFilterInternal(RequestContextFilter.java:99)
	at org.springframework.web.filter.OncePerRequestFilter.doFilter(OncePerRequestFilter.java:107)
	at org.apache.catalina.core.ApplicationFilterChain.internalDoFilter(ApplicationFilterChain.java:193)
	at org.apache.catalina.core.ApplicationFilterChain.doFilter(ApplicationFilterChain.java:166)
	at org.springframework.web.filter.FormContentFilter.doFilterInternal(FormContentFilter.java:92)
	at org.springframework.web.filter.OncePerRequestFilter.doFilter(OncePerRequestFilter.java:107)
	at org.apache.catalina.core.ApplicationFilterChain.internalDoFilter(ApplicationFilterChain.java:193)
	at org.apache.catalina.core.ApplicationFilterChain.doFilter(ApplicationFilterChain.java:166)
	at org.springframework.web.filter.HiddenHttpMethodFilter.doFilterInternal(HiddenHttpMethodFilter.java:93)
	at org.springframework.web.filter.OncePerRequestFilter.doFilter(OncePerRequestFilter.java:107)
	at org.apache.catalina.core.ApplicationFilterChain.internalDoFilter(ApplicationFilterChain.java:193)
	at org.apache.catalina.core.ApplicationFilterChain.doFilter(ApplicationFilterChain.java:166)
	at org.springframework.web.filter.CharacterEncodingFilter.doFilterInternal(CharacterEncodingFilter.java:200)
	at org.springframework.web.filter.OncePerRequestFilter.doFilter(OncePerRequestFilter.java:107)
	at org.apache.catalina.core.ApplicationFilterChain.internalDoFilter(ApplicationFilterChain.java:193)
	at org.apache.catalina.core.ApplicationFilterChain.doFilter(ApplicationFilterChain.java:166)
	at org.apache.catalina.core.StandardWrapperValve.invoke(StandardWrapperValve.java:199)
	at org.apache.catalina.core.StandardContextValve.invoke(StandardContextValve.java:96)
	at org.apache.catalina.authenticator.AuthenticatorBase.invoke(AuthenticatorBase.java:490)
	at org.apache.catalina.core.StandardHostValve.invoke(StandardHostValve.java:139)
	at org.apache.catalina.valves.ErrorReportValve.invoke(ErrorReportValve.java:92)
	at org.apache.catalina.core.StandardEngineValve.invoke(StandardEngineValve.java:74)
	at org.apache.catalina.connector.CoyoteAdapter.service(CoyoteAdapter.java:343)
	at org.apache.coyote.http11.Http11Processor.service(Http11Processor.java:408)
	at org.apache.coyote.AbstractProcessorLight.process(AbstractProcessorLight.java:66)
	at org.apache.coyote.AbstractProtocol$ConnectionHandler.process(AbstractProtocol.java:770)
	at org.apache.tomcat.util.net.NioEndpoint$SocketProcessor.doRun(NioEndpoint.java:1415)
	at org.apache.tomcat.util.net.SocketProcessorBase.run(SocketProcessorBase.java:49)
	at java.util.concurrent.ThreadPoolExecutor.runWorker(ThreadPoolExecutor.java:1149)
	at java.util.concurrent.ThreadPoolExecutor$Worker.run(ThreadPoolExecutor.java:624)
	at org.apache.tomcat.util.threads.TaskThread$WrappingRunnable.run(TaskThread.java:61)
	at java.lang.Thread.run(Thread.java:748)
2019-05-16T20:22:11.579+0800 [INFO] edu.hrbust/waterLogger - <http-nio-8000-exec-7|e.h.w.s.i.WaterLoggerServiceImpl.change(22)> - 0101
